
> holm-site@0.0.0 build
> vite build

[36mvite v8.0.16 [32mbuilding client environment for production...[36m[39m
[2Ktransforming...✓ 31 modules transformed.
[31m✗[39m Build failed in 171ms
[31merror during build:
[31mBuild failed with 1 error:

[31m[UNRESOLVED_IMPORT] [0mCould not resolve './pageTransition.js' in src/main.js
    [38;5;246m╭[0m[38;5;246m─[0m[38;5;246m[[0m src/main.js:11:54 [38;5;246m][0m
    [38;5;246m│[0m
 [38;5;246m11 │[0m [38;5;249mi[0m[38;5;249mm[0m[38;5;249mp[0m[38;5;249mo[0m[38;5;249mr[0m[38;5;249mt[0m[38;5;249m [0m[38;5;249m{[0m[38;5;249m [0m[38;5;249mm[0m[38;5;249mo[0m[38;5;249mu[0m[38;5;249mn[0m[38;5;249mt[0m[38;5;249mP[0m[38;5;249ma[0m[38;5;249mg[0m[38;5;249me[0m[38;5;249mT[0m[38;5;249mr[0m[38;5;249ma[0m[38;5;249mn[0m[38;5;249ms[0m[38;5;249mi[0m[38;5;249mt[0m[38;5;249mi[0m[38;5;249mo[0m[38;5;249mn[0m[38;5;249m,[0m[38;5;249m [0m[38;5;249ms[0m[38;5;249mi[0m[38;5;249mg[0m[38;5;249mn[0m[38;5;249ma[0m[38;5;249ml[0m[38;5;249mP[0m[38;5;249ma[0m[38;5;249mg[0m[38;5;249me[0m[38;5;249mR[0m[38;5;249me[0m[38;5;249ma[0m[38;5;249md[0m[38;5;249my[0m[38;5;249m [0m[38;5;249m}[0m[38;5;249m [0m[38;5;249mf[0m[38;5;249mr[0m[38;5;249mo[0m[38;5;249mm[0m[38;5;249m [0m"./pageTransition.js"[38;5;249m;[0m
 [38;5;240m   │[0m                                                      ──────────┬──────────  
 [38;5;240m   │[0m                                                                ╰──────────── Module not found.
 [38;5;240m   │[0m 
 [38;5;240m   │[0m [38;5;115mHelp[0m: 'src/main.js' is imported by the following path:
 [38;5;240m   │[0m         - src/main.js
 [38;5;240m   │[0m         - index.html
[38;5;246m────╯[0m
[31m
    at aggregateBindingErrorsIntoJsError (file:///home/runner/work/HOLM-Repository/HOLM-Repository/node_modules/rolldown/dist/shared/error-BuvQYXuZ.mjs:48:18)
    at unwrapBindingResult (file:///home/runner/work/HOLM-Repository/HOLM-Repository/node_modules/rolldown/dist/shared/error-BuvQYXuZ.mjs:18:128)
    at #build (file:///home/runner/work/HOLM-Repository/HOLM-Repository/node_modules/rolldown/dist/shared/rolldown-build-CrPk_lZe.mjs:3246:34)
    at async buildEnvironment (file:///home/runner/work/HOLM-Repository/HOLM-Repository/node_modules/vite/dist/node/chunks/node.js:33253:64)
    at async Object.build (file:///home/runner/work/HOLM-Repository/HOLM-Repository/node_modules/vite/dist/node/chunks/node.js:33675:19)
    at async Object.buildApp (file:///home/runner/work/HOLM-Repository/HOLM-Repository/node_modules/vite/dist/node/chunks/node.js:33672:153)
    at async CAC.<anonymous> (file:///home/runner/work/HOLM-Repository/HOLM-Repository/node_modules/vite/dist/node/cli.js:777:3) {
  errors: [Getter/Setter]
}[39m
